#
# There is insufficient memory for the Java Runtime Environment to continue.
# Native memory allocation (malloc) failed to allocate 1288128 bytes for Chunk::new
# Possible reasons:
#   The system is out of physical RAM or swap space
#   In 32 bit mode, the process size limit was hit
# Possible solutions:
#   Reduce memory load on the system
#   Increase physical memory or swap space
#   Check if swap backing store is full
#   Use 64 bit Java on a 64 bit OS
#   Decrease Java heap size (-Xmx/-Xms)
#   Decrease number of Java threads
#   Decrease Java thread stack sizes (-Xss)
#   Set larger code cache with -XX:ReservedCodeCacheSize=
# This output file may be truncated or incomplete.
#
#  Out of Memory Error (allocation.cpp:390), pid=13656, tid=0x0000000000000900
#
# JRE version: OpenJDK Runtime Environment (8.0_152-b01) (build 1.8.0_152-release-1343-b01)
# Java VM: OpenJDK 64-Bit Server VM (25.152-b01 mixed mode windows-amd64 compressed oops)
# Failed to write core dump. Minidumps are not enabled by default on client versions of Windows
#

---------------  T H R E A D  ---------------

Current thread (0x0000000015ea4800):  JavaThread "C2 CompilerThread1" daemon [_thread_in_native, id=2304, stack(0x00000000174f0000,0x00000000175f0000)]

Stack: [0x00000000174f0000,0x00000000175f0000]
[error occurred during error reporting (printing stack bounds), id 0xc0000005]

Native frames: (J=compiled Java code, j=interpreted, Vv=VM code, C=native code)


Current CompileTask:
C2: 731091 22981 %     4       com.android.tools.r8.ir.regalloc.LinearScanRegisterAllocator::computeLiveRanges @ 565 (944 bytes)


---------------  P R O C E S S  ---------------

Java Threads: ( => current thread )
  0x000000001bd74000 JavaThread "ForkJoinPool.commonPool-worker-1" daemon [_thread_blocked, id=12828, stack(0x000000002dd50000,0x000000002de50000)]
  0x000000001e6bb000 JavaThread "ForkJoinPool.commonPool-worker-3" daemon [_thread_blocked, id=8308, stack(0x000000002ca80000,0x000000002cb80000)]
  0x000000001e6bc000 JavaThread "ForkJoinPool.commonPool-worker-2" daemon [_thread_blocked, id=6648, stack(0x0000000028a40000,0x0000000028b40000)]
  0x000000001e6b2000 JavaThread "Cache worker for Java compile cache (C:\Users\Bazibuhe Bashige\Desktop\andro\diary app\.gradle\5.1.1\javaCompile)" [_thread_blocked, id=5956, stack(0x0000000028540000,0x0000000028640000)]
  0x000000001e6b8000 JavaThread "Cache worker for Java compile cache (C:\Users\Bazibuhe Bashige\.gradle\caches\5.1.1\javaCompile)" [_thread_blocked, id=6380, stack(0x0000000028440000,0x0000000028540000)]
  0x000000001e6b0800 JavaThread "RMI TCP Connection(idle)" daemon [_thread_blocked, id=7008, stack(0x0000000027370000,0x0000000027470000)]
  0x000000001e6b4800 JavaThread "RMI Reaper" [_thread_blocked, id=12088, stack(0x0000000027270000,0x0000000027370000)]
  0x000000001e6b3800 JavaThread "RMI TCP Accept-0" daemon [_thread_in_native, id=2864, stack(0x0000000027170000,0x0000000027270000)]
  0x000000001e6b3000 JavaThread "GC Daemon" daemon [_thread_blocked, id=11252, stack(0x0000000027070000,0x0000000027170000)]
  0x000000001e6b1000 JavaThread "RMI Scheduler(0)" daemon [_thread_blocked, id=7000, stack(0x0000000026e70000,0x0000000026f70000)]
  0x000000001e6af800 JavaThread "stdout" daemon [_thread_in_native, id=9716, stack(0x0000000026c70000,0x0000000026d70000)]
  0x000000001e6b6800 JavaThread "stderr" daemon [_thread_in_native, id=9588, stack(0x0000000026b70000,0x0000000026c70000)]
  0x000000001e6af000 JavaThread "stdout" daemon [_thread_in_native, id=12216, stack(0x0000000026a70000,0x0000000026b70000)]
  0x000000001e6b6000 JavaThread "stderr" daemon [_thread_in_native, id=13648, stack(0x0000000026970000,0x0000000026a70000)]
  0x000000001e6b5000 JavaThread "stdout" daemon [_thread_in_native, id=10512, stack(0x0000000026870000,0x0000000026970000)]
  0x000000001bd7d000 JavaThread "stderr" daemon [_thread_in_native, id=3524, stack(0x0000000026770000,0x0000000026870000)]
  0x000000001bd7c800 JavaThread "pool-5-thread-1" [_thread_blocked, id=1200, stack(0x0000000026670000,0x0000000026770000)]
  0x00000000191a4800 JavaThread "MarlinRenderer Disposer" daemon [_thread_blocked, id=13396, stack(0x0000000026570000,0x0000000026670000)]
  0x00000000191a6800 JavaThread "Java2D Disposer" daemon [_thread_blocked, id=13616, stack(0x0000000026470000,0x0000000026570000)]
  0x000000001bd7b000 JavaThread "Cache worker for execution history cache (C:\Users\Bazibuhe Bashige\Desktop\andro\diary app\.gradle\5.1.1\executionHistory)" [_thread_blocked, id=11284, stack(0x0000000025e70000,0x0000000025f70000)]
  0x000000001bd76800 JavaThread "Execution worker for ':' Thread 3" [_thread_in_native, id=1180, stack(0x0000000025d70000,0x0000000025e70000)]
  0x000000001bd79800 JavaThread "Execution worker for ':' Thread 2" [_thread_blocked, id=11308, stack(0x0000000025c70000,0x0000000025d70000)]
  0x0000000018770000 JavaThread "Execution worker for ':'" [_thread_blocked, id=6952, stack(0x0000000025b70000,0x0000000025c70000)]
  0x000000001876e800 JavaThread "Cache worker for file content cache (C:\Users\Bazibuhe Bashige\Desktop\andro\diary app\.gradle\5.1.1\fileContent)" [_thread_blocked, id=9700, stack(0x0000000025a70000,0x0000000025b70000)]
  0x0000000018771800 JavaThread "Cache worker for file content cache (C:\Users\Bazibuhe Bashige\.gradle\caches\5.1.1\fileContent)" [_thread_blocked, id=4780, stack(0x0000000025970000,0x0000000025a70000)]
  0x0000000018774000 JavaThread "Cache worker for Build Output Cleanup Cache (C:\Users\Bazibuhe Bashige\Desktop\andro\diary app\.gradle\buildOutputCleanup)" [_thread_blocked, id=12668, stack(0x0000000025870000,0x0000000025970000)]
  0x000000001876f800 JavaThread "Build operations Thread 4" [_thread_blocked, id=10912, stack(0x0000000025770000,0x0000000025870000)]
  0x0000000018773000 JavaThread "Build operations Thread 3" [_thread_blocked, id=11844, stack(0x0000000025670000,0x0000000025770000)]
  0x0000000018772800 JavaThread "Build operations Thread 2" [_thread_blocked, id=7060, stack(0x0000000025570000,0x0000000025670000)]
  0x0000000018771000 JavaThread "Build operations" [_thread_blocked, id=9656, stack(0x0000000025470000,0x0000000025570000)]
  0x0000000018767000 JavaThread "Cache worker for cache directory md-rule (C:\Users\Bazibuhe Bashige\.gradle\caches\5.1.1\md-rule)" [_thread_blocked, id=9168, stack(0x0000000025370000,0x0000000025470000)]
  0x000000001876e000 JavaThread "Cache worker for cache directory md-supplier (C:\Users\Bazibuhe Bashige\.gradle\caches\5.1.1\md-supplier)" [_thread_blocked, id=7912, stack(0x0000000025270000,0x0000000025370000)]
  0x0000000018766800 JavaThread "Cache worker for file hash cache (C:\Users\Bazibuhe Bashige\Desktop\andro\diary app\.gradle\5.1.1\fileHashes)" [_thread_blocked, id=10056, stack(0x0000000025170000,0x0000000025270000)]
  0x000000001876d000 JavaThread "Thread-43" [_thread_blocked, id=8064, stack(0x0000000025070000,0x0000000025170000)]
  0x000000001876b800 JavaThread "Asynchronous log dispatcher for DefaultDaemonConnection: socket connection from /127.0.0.1:53985 to /127.0.0.1:54708" [_thread_blocked, id=2408, stack(0x0000000024e70000,0x0000000024f70000)]
  0x0000000018765800 JavaThread "Daemon worker Thread 2" [_thread_blocked, id=12284, stack(0x0000000024d70000,0x0000000024e70000)]
  0x0000000018765000 JavaThread "Cancel handler" [_thread_blocked, id=13356, stack(0x0000000024c70000,0x0000000024d70000)]
  0x000000001876a000 JavaThread "Handler for socket connection from /127.0.0.1:53985 to /127.0.0.1:54708" [_thread_in_native, id=11932, stack(0x0000000024b70000,0x0000000024c70000)]
  0x0000000018768800 JavaThread "Daemon Thread 2" [_thread_blocked, id=10952, stack(0x0000000024a70000,0x0000000024b70000)]
  0x000000001bd77000 JavaThread "Memory manager" [_thread_blocked, id=11956, stack(0x0000000020b10000,0x0000000020c10000)]
  0x000000001bd73800 JavaThread "Cache worker for execution history cache (C:\Users\Bazibuhe Bashige\.gradle\caches\5.1.1\executionHistory)" [_thread_blocked, id=9108, stack(0x000000001f910000,0x000000001fa10000)]
  0x00000000191a5000 JavaThread "Cache worker for journal cache (C:\Users\Bazibuhe Bashige\.gradle\caches\journal-1)" [_thread_blocked, id=10616, stack(0x000000001b810000,0x000000001b910000)]
  0x00000000191a9800 JavaThread "File lock request listener" [_thread_in_native, id=10164, stack(0x000000001b710000,0x000000001b810000)]
  0x00000000196ab800 JavaThread "Cache worker for file hash cache (C:\Users\Bazibuhe Bashige\.gradle\caches\5.1.1\fileHashes)" [_thread_blocked, id=10936, stack(0x000000001b610000,0x000000001b710000)]
  0x0000000019564000 JavaThread "Daemon periodic checks" [_thread_blocked, id=7848, stack(0x000000001ac10000,0x000000001ad10000)]
  0x00000000193eb800 JavaThread "Incoming local TCP Connector on port 53985" [_thread_in_native, id=8812, stack(0x000000001a9d0000,0x000000001aad0000)]
  0x0000000017719800 JavaThread "Service Thread" daemon [_thread_blocked, id=2068, stack(0x0000000017af0000,0x0000000017bf0000)]
  0x0000000015eab000 JavaThread "C1 CompilerThread2" daemon [_thread_blocked, id=808, stack(0x00000000175f0000,0x00000000176f0000)]
=>0x0000000015ea4800 JavaThread "C2 CompilerThread1" daemon [_thread_in_native, id=2304, stack(0x00000000174f0000,0x00000000175f0000)]
  0x0000000015ea2800 JavaThread "C2 CompilerThread0" daemon [_thread_blocked, id=10352, stack(0x00000000173f0000,0x00000000174f0000)]
  0x0000000015e9e000 JavaThread "Attach Listener" daemon [_thread_blocked, id=2072, stack(0x00000000172f0000,0x00000000173f0000)]
  0x0000000015e9b000 JavaThread "Signal Dispatcher" daemon [_thread_blocked, id=340, stack(0x00000000171f0000,0x00000000172f0000)]
  0x000000000252b800 JavaThread "Finalizer" daemon [_thread_blocked, id=7616, stack(0x00000000170f0000,0x00000000171f0000)]
  0x0000000002521000 JavaThread "Reference Handler" daemon [_thread_blocked, id=6372, stack(0x0000000016ff0000,0x00000000170f0000)]
  0x0000000002432800 JavaThread "main" [_thread_blocked, id=12904, stack(0x0000000002330000,0x0000000002430000)]

Other Threads:
  0x0000000015e67000 VMThread [stack: 0x0000000016ef0000,0x0000000016ff0000] [id=7064]
  0x0000000015efe800 WatcherThread [stack: 0x0000000017bf0000,0x0000000017cf0000] [id=9404]

VM state:not at safepoint (normal execution)

VM Mutex/Monitor currently owned by a thread: None

Heap:
 PSYoungGen      total 347648K, used 268627K [0x00000000e0000000, 0x00000000f7100000, 0x0000000100000000)
  eden space 318976K, 82% used [0x00000000e0000000,0x00000000f006b2c0,0x00000000f3780000)
  from space 28672K, 21% used [0x00000000f5280000,0x00000000f5869ab8,0x00000000f6e80000)
  to   space 27648K, 0% used [0x00000000f3780000,0x00000000f3780000,0x00000000f5280000)
 ParOldGen       total 226304K, used 77498K [0x00000000a0000000, 0x00000000add00000, 0x00000000e0000000)
  object space 226304K, 34% used [0x00000000a0000000,0x00000000a4baeb78,0x00000000add00000)
 Metaspace       used 103571K, capacity 108078K, committed 108184K, reserved 1142784K
  class space    used 13047K, capacity 13892K, committed 13976K, reserved 1048576K

Card table byte_map: [0x00000000118f0000,0x0000000011c00000] byte_map_base: 0x00000000113f0000

Marking Bits: (ParMarkBitMap*) 0x0000000074025aa0
 Begin Bits: [0x0000000012200000, 0x0000000013a00000)
 End Bits:   [0x0000000013a00000, 0x0000000015200000)

Polling page: 0x00000000001f0000

CodeCache: size=245760Kb used=64677Kb max_used=64688Kb free=181082Kb
 bounds [0x0000000002530000, 0x00000000064b0000, 0x0000000011530000]
 total_blobs=19758 nmethods=18745 adapters=923
 compilation: enabled

Compilation events (10 events):
Event: 730.495 Thread 0x0000000015ea2800 23047       4       com.android.tools.r8.code.Format35c::write (54 bytes)
Event: 730.509 Thread 0x0000000015ea2800 nmethod 23047 0x00000000064a2910 code [0x00000000064a2a80, 0x00000000064a2ed8]
Event: 730.509 Thread 0x0000000015ea2800 23059       4       com.google.common.util.concurrent.AbstractFuture::getDoneValue (55 bytes)
Event: 730.511 Thread 0x0000000015ea2800 nmethod 23059 0x00000000064a2610 code [0x00000000064a2760, 0x00000000064a2838]
Event: 730.511 Thread 0x0000000015ea2800 23055       4       com.android.tools.r8.graph.DexValue$NestedDexValue::writeTo (50 bytes)
Event: 730.544 Thread 0x0000000015ea2800 nmethod 23055 0x00000000064a4150 code [0x00000000064a42c0, 0x00000000064a4b18]
Event: 730.707 Thread 0x0000000015ea2800 23061   !   4       java.util.zip.Deflater::deflate (140 bytes)
Event: 730.715 Thread 0x0000000015ea2800 nmethod 23061 0x00000000064a73d0 code [0x00000000064a7520, 0x00000000064a7a88]
Event: 730.803 Thread 0x0000000015eab000 23062       3       java.util.LinkedHashMap::<init> (16 bytes)
Event: 730.804 Thread 0x0000000015eab000 nmethod 23062 0x0000000006497750 code [0x00000000064978c0, 0x0000000006497c08]

GC Heap History (10 events):
Event: 710.121 GC heap before
{Heap before GC invocations=32 (full 4):
 PSYoungGen      total 321536K, used 292721K [0x00000000e0000000, 0x00000000f5d00000, 0x0000000100000000)
  eden space 286720K, 100% used [0x00000000e0000000,0x00000000f1800000,0x00000000f1800000)
  from space 34816K, 17% used [0x00000000f1800000,0x00000000f1ddc578,0x00000000f3a00000)
  to   space 34816K, 0% used [0x00000000f3a00000,0x00000000f3a00000,0x00000000f5c00000)
 ParOldGen       total 226304K, used 77474K [0x00000000a0000000, 0x00000000add00000, 0x00000000e0000000)
  object space 226304K, 34% used [0x00000000a0000000,0x00000000a4ba8b78,0x00000000add00000)
 Metaspace       used 103169K, capacity 107690K, committed 107928K, reserved 1142784K
  class space    used 13031K, capacity 13878K, committed 13976K, reserved 1048576K
Event: 710.183 GC heap after
Heap after GC invocations=32 (full 4):
 PSYoungGen      total 326144K, used 6474K [0x00000000e0000000, 0x00000000f6f00000, 0x0000000100000000)
  eden space 291328K, 0% used [0x00000000e0000000,0x00000000e0000000,0x00000000f1c80000)
  from space 34816K, 18% used [0x00000000f3a00000,0x00000000f40528d8,0x00000000f5c00000)
  to   space 30208K, 0% used [0x00000000f1c80000,0x00000000f1c80000,0x00000000f3a00000)
 ParOldGen       total 226304K, used 77474K [0x00000000a0000000, 0x00000000add00000, 0x00000000e0000000)
  object space 226304K, 34% used [0x00000000a0000000,0x00000000a4ba8b78,0x00000000add00000)
 Metaspace       used 103169K, capacity 107690K, committed 107928K, reserved 1142784K
  class space    used 13031K, capacity 13878K, committed 13976K, reserved 1048576K
}
Event: 714.206 GC heap before
{Heap before GC invocations=33 (full 4):
 PSYoungGen      total 326144K, used 297802K [0x00000000e0000000, 0x00000000f6f00000, 0x0000000100000000)
  eden space 291328K, 100% used [0x00000000e0000000,0x00000000f1c80000,0x00000000f1c80000)
  from space 34816K, 18% used [0x00000000f3a00000,0x00000000f40528d8,0x00000000f5c00000)
  to   space 30208K, 0% used [0x00000000f1c80000,0x00000000f1c80000,0x00000000f3a00000)
 ParOldGen       total 226304K, used 77474K [0x00000000a0000000, 0x00000000add00000, 0x00000000e0000000)
  object space 226304K, 34% used [0x00000000a0000000,0x00000000a4ba8b78,0x00000000add00000)
 Metaspace       used 103210K, capacity 107690K, committed 107928K, reserved 1142784K
  class space    used 13031K, capacity 13878K, committed 13976K, reserved 1048576K
Event: 714.233 GC heap after
Heap after GC invocations=33 (full 4):
 PSYoungGen      total 321536K, used 8534K [0x00000000e0000000, 0x00000000f6e80000, 0x0000000100000000)
  eden space 291328K, 0% used [0x00000000e0000000,0x00000000e0000000,0x00000000f1c80000)
  from space 30208K, 28% used [0x00000000f1c80000,0x00000000f24d5b38,0x00000000f3a00000)
  to   space 28672K, 0% used [0x00000000f5280000,0x00000000f5280000,0x00000000f6e80000)
 ParOldGen       total 226304K, used 77482K [0x00000000a0000000, 0x00000000add00000, 0x00000000e0000000)
  object space 226304K, 34% used [0x00000000a0000000,0x00000000a4baab78,0x00000000add00000)
 Metaspace       used 103210K, capacity 107690K, committed 107928K, reserved 1142784K
  class space    used 13031K, capacity 13878K, committed 13976K, reserved 1048576K
}
Event: 716.727 GC heap before
{Heap before GC invocations=34 (full 4):
 PSYoungGen      total 321536K, used 299862K [0x00000000e0000000, 0x00000000f6e80000, 0x0000000100000000)
  eden space 291328K, 100% used [0x00000000e0000000,0x00000000f1c80000,0x00000000f1c80000)
  from space 30208K, 28% used [0x00000000f1c80000,0x00000000f24d5b38,0x00000000f3a00000)
  to   space 28672K, 0% used [0x00000000f5280000,0x00000000f5280000,0x00000000f6e80000)
 ParOldGen       total 226304K, used 77482K [0x00000000a0000000, 0x00000000add00000, 0x00000000e0000000)
  object space 226304K, 34% used [0x00000000a0000000,0x00000000a4baab78,0x00000000add00000)
 Metaspace       used 103241K, capacity 107692K, committed 107928K, reserved 1142784K
  class space    used 13033K, capacity 13879K, committed 13976K, reserved 1048576K
Event: 716.786 GC heap after
Heap after GC invocations=34 (full 4):
 PSYoungGen      total 347648K, used 8888K [0x00000000e0000000, 0x00000000f7100000, 0x0000000100000000)
  eden space 318976K, 0% used [0x00000000e0000000,0x00000000e0000000,0x00000000f3780000)
  from space 28672K, 31% used [0x00000000f5280000,0x00000000f5b2e288,0x00000000f6e80000)
  to   space 27648K, 0% used [0x00000000f3780000,0x00000000f3780000,0x00000000f5280000)
 ParOldGen       total 226304K, used 77482K [0x00000000a0000000, 0x00000000add00000, 0x00000000e0000000)
  object space 226304K, 34% used [0x00000000a0000000,0x00000000a4baab78,0x00000000add00000)
 Metaspace       used 103241K, capacity 107692K, committed 107928K, reserved 1142784K
  class space    used 13033K, capacity 13879K, committed 13976K, reserved 1048576K
}
Event: 720.330 GC heap before
{Heap before GC invocations=35 (full 4):
 PSYoungGen      total 347648K, used 327864K [0x00000000e0000000, 0x00000000f7100000, 0x0000000100000000)
  eden space 318976K, 100% used [0x00000000e0000000,0x00000000f3780000,0x00000000f3780000)
  from space 28672K, 31% used [0x00000000f5280000,0x00000000f5b2e288,0x00000000f6e80000)
  to   space 27648K, 0% used [0x00000000f3780000,0x00000000f3780000,0x00000000f5280000)
 ParOldGen       total 226304K, used 77482K [0x00000000a0000000, 0x00000000add00000, 0x00000000e0000000)
  object space 226304K, 34% used [0x00000000a0000000,0x00000000a4baab78,0x00000000add00000)
 Metaspace       used 103282K, capacity 107758K, committed 107928K, reserved 1142784K
  class space    used 13033K, capacity 13880K, committed 13976K, reserved 1048576K
Event: 720.362 GC heap after
Heap after GC invocations=35 (full 4):
 PSYoungGen      total 346624K, used 6141K [0x00000000e0000000, 0x00000000f7100000, 0x0000000100000000)
  eden space 318976K, 0% used [0x00000000e0000000,0x00000000e0000000,0x00000000f3780000)
  from space 27648K, 22% used [0x00000000f3780000,0x00000000f3d7f7c0,0x00000000f5280000)
  to   space 28672K, 0% used [0x00000000f5280000,0x00000000f5280000,0x00000000f6e80000)
 ParOldGen       total 226304K, used 77490K [0x00000000a0000000, 0x00000000add00000, 0x00000000e0000000)
  object space 226304K, 34% used [0x00000000a0000000,0x00000000a4bacb78,0x00000000add00000)
 Metaspace       used 103282K, capacity 107758K, committed 107928K, reserved 1142784K
  class space    used 13033K, capacity 13880K, committed 13976K, reserved 1048576K
}
Event: 724.287 GC heap before
{Heap before GC invocations=36 (full 4):
 PSYoungGen      total 346624K, used 325117K [0x00000000e0000000, 0x00000000f7100000, 0x0000000100000000)
  eden space 318976K, 100% used [0x00000000e0000000,0x00000000f3780000,0x00000000f3780000)
  from space 27648K, 22% used [0x00000000f3780000,0x00000000f3d7f7c0,0x00000000f5280000)
  to   space 28672K, 0% used [0x00000000f5280000,0x00000000f5280000,0x00000000f6e80000)
 ParOldGen       total 226304K, used 77490K [0x00000000a0000000, 0x00000000add00000, 0x00000000e0000000)
  object space 226304K, 34% used [0x00000000a0000000,0x00000000a4bacb78,0x00000000add00000)
 Metaspace       used 103519K, capacity 107980K, committed 108184K, reserved 1142784K
  class space    used 13042K, capacity 13885K, committed 13976K, reserved 1048576K
Event: 724.309 GC heap after
Heap after GC invocations=36 (full 4):
 PSYoungGen      total 347648K, used 6054K [0x00000000e0000000, 0x00000000f7100000, 0x0000000100000000)
  eden space 318976K, 0% used [0x00000000e0000000,0x00000000e0000000,0x00000000f3780000)
  from space 28672K, 21% used [0x00000000f5280000,0x00000000f5869ab8,0x00000000f6e80000)
  to   space 27648K, 0% used [0x00000000f3780000,0x00000000f3780000,0x00000000f5280000)
 ParOldGen       total 226304K, used 77498K [0x00000000a0000000, 0x00000000add00000, 0x00000000e0000000)
  object space 226304K, 34% used [0x00000000a0000000,0x00000000a4baeb78,0x00000000add00000)
 Metaspace       used 103519K, capacity 107980K, committed 108184K, reserved 1142784K
  class space    used 13042K, capacity 13885K, committed 13976K, reserved 1048576K
}

Deoptimization events (10 events):
Event: 727.998 Thread 0x000000001e6bb000 Uncommon trap: reason=array_check action=maybe_recompile pc=0x0000000006302cc0 method=java.util.TimSort.mergeLo(IIII)V @ 81
Event: 727.998 Thread 0x000000001e6bb000 Uncommon trap: reason=array_check action=maybe_recompile pc=0x0000000006302cc0 method=java.util.TimSort.mergeLo(IIII)V @ 81
Event: 727.999 Thread 0x000000001e6bb000 Uncommon trap: reason=array_check action=maybe_recompile pc=0x00000000063f3c58 method=java.util.TimSort.mergeHi(IIII)V @ 171
Event: 727.999 Thread 0x000000001e6bb000 Uncommon trap: reason=array_check action=maybe_recompile pc=0x00000000063f3790 method=java.util.TimSort.mergeHi(IIII)V @ 282
Event: 727.999 Thread 0x000000001e6bb000 Uncommon trap: reason=array_check action=maybe_recompile pc=0x00000000063f3790 method=java.util.TimSort.mergeHi(IIII)V @ 282
Event: 730.420 Thread 0x000000001e6bb000 Uncommon trap: reason=unstable_if action=reinterpret pc=0x0000000006066f54 method=com.android.tools.r8.it.unimi.dsi.fastutil.objects.Object2IntLinkedOpenHashMap$MapIterator.hasNext()Z @ 5
Event: 730.421 Thread 0x000000001e6bb000 Uncommon trap: reason=unstable_if action=reinterpret pc=0x000000000648067c method=com.android.tools.r8.it.unimi.dsi.fastutil.objects.Reference2IntLinkedOpenHashMap.put(Ljava/lang/Object;I)I @ 8
Event: 730.426 Thread 0x000000001e6bb000 Uncommon trap: reason=unstable_if action=reinterpret pc=0x000000000646fc48 method=com.android.tools.r8.it.unimi.dsi.fastutil.objects.Reference2IntLinkedOpenHashMap.put(Ljava/lang/Object;I)I @ 8
Event: 730.426 Thread 0x000000001e6bb000 Uncommon trap: reason=unstable_if action=reinterpret pc=0x000000000647b754 method=com.android.tools.r8.it.unimi.dsi.fastutil.objects.Reference2IntLinkedOpenHashMap.put(Ljava/lang/Object;I)I @ 8
Event: 730.474 Thread 0x000000001bd76800 Uncommon trap: reason=unstable_if action=reinterpret pc=0x000000000603f528 method=java.util.HashMap.containsValue(Ljava/lang/Object;)Z @ 13

Classes redefined (0 events):
No events

Internal exceptions (10 events):
Event: 728.732 Thread 0x000000001e6bb000 Exception <a 'sun/nio/fs/WindowsException'> (0x00000000efd445d0) thrown at [D:\src\AOSP-openjdk-cygwin\jdk8u\hotspot\src\share\vm\prims\jni.cpp, line 709]
Event: 728.741 Thread 0x000000001e6bb000 Exception <a 'sun/nio/fs/WindowsException'> (0x00000000efd89be8) thrown at [D:\src\AOSP-openjdk-cygwin\jdk8u\hotspot\src\share\vm\prims\jni.cpp, line 709]
Event: 728.748 Thread 0x000000001e6bb000 Exception <a 'sun/nio/fs/WindowsException'> (0x00000000efd9a468) thrown at [D:\src\AOSP-openjdk-cygwin\jdk8u\hotspot\src\share\vm\prims\jni.cpp, line 709]
Event: 728.751 Thread 0x000000001e6bb000 Exception <a 'sun/nio/fs/WindowsException'> (0x00000000efe21380) thrown at [D:\src\AOSP-openjdk-cygwin\jdk8u\hotspot\src\share\vm\prims\jni.cpp, line 709]
Event: 728.756 Thread 0x000000001e6bb000 Exception <a 'sun/nio/fs/WindowsException'> (0x00000000efe66430) thrown at [D:\src\AOSP-openjdk-cygwin\jdk8u\hotspot\src\share\vm\prims\jni.cpp, line 709]
Event: 728.759 Thread 0x000000001e6bb000 Exception <a 'sun/nio/fs/WindowsException'> (0x00000000efeab510) thrown at [D:\src\AOSP-openjdk-cygwin\jdk8u\hotspot\src\share\vm\prims\jni.cpp, line 709]
Event: 728.762 Thread 0x000000001e6bb000 Exception <a 'sun/nio/fs/WindowsException'> (0x00000000efef0d20) thrown at [D:\src\AOSP-openjdk-cygwin\jdk8u\hotspot\src\share\vm\prims\jni.cpp, line 709]
Event: 728.766 Thread 0x000000001e6bb000 Exception <a 'sun/nio/fs/WindowsException'> (0x00000000eff3b2d0) thrown at [D:\src\AOSP-openjdk-cygwin\jdk8u\hotspot\src\share\vm\prims\jni.cpp, line 709]
Event: 729.879 Thread 0x000000001e6bb000 Exception <a 'sun/nio/fs/WindowsException'> (0x00000000eff80970) thrown at [D:\src\AOSP-openjdk-cygwin\jdk8u\hotspot\src\share\vm\prims\jni.cpp, line 709]
Event: 730.441 Thread 0x000000001e6bb000 Exception <a 'sun/nio/fs/WindowsException'> (0x00000000effd65f8) thrown at [D:\src\AOSP-openjdk-cygwin\jdk8u\hotspot\src\share\vm\prims\jni.cpp, line 709]

Events (10 events):
Event: 730.474 Thread 0x000000001bd76800 DEOPT PACKING pc=0x000000000603f528 sp=0x0000000025e6ba00
Event: 730.474 Thread 0x000000001bd76800 DEOPT UNPACKING pc=0x000000000257557b sp=0x0000000025e6b988 mode 2
Event: 730.479 loading class com/android/builder/utils/FileCache$Inputs
Event: 730.479 loading class com/android/builder/utils/FileCache$Inputs done
Event: 730.479 loading class com/android/builder/utils/FileCache
Event: 730.479 loading class com/android/builder/utils/FileCache done
Event: 730.483 loading class com/android/builder/utils/FileCache$Inputs
Event: 730.483 loading class com/android/builder/utils/FileCache$Inputs done
Event: 730.483 loading class com/android/builder/utils/FileCache
Event: 730.483 loading class com/android/builder/utils/FileCache done


Dynamic libraries:
0x00007ff79ced0000 - 0x00007ff79cf01000 	C:\Program Files\Android\Android Studio\jre\bin\java.exe
0x00007ffc52610000 - 0x00007ffc527f1000 	C:\WINDOWS\SYSTEM32\ntdll.dll
0x00007ffc50b10000 - 0x00007ffc50bc1000 	C:\WINDOWS\System32\KERNEL32.DLL
0x00007ffc4eea0000 - 0x00007ffc4f113000 	C:\WINDOWS\System32\KERNELBASE.dll
0x00007ffc50c70000 - 0x00007ffc50d11000 	C:\WINDOWS\System32\ADVAPI32.dll
0x00007ffc50bd0000 - 0x00007ffc50c6e000 	C:\WINDOWS\System32\msvcrt.dll
0x00007ffc509e0000 - 0x00007ffc50a3b000 	C:\WINDOWS\System32\sechost.dll
0x00007ffc508b0000 - 0x00007ffc509d4000 	C:\WINDOWS\System32\RPCRT4.dll
0x00007ffc504d0000 - 0x00007ffc50660000 	C:\WINDOWS\System32\USER32.dll
0x00007ffc4f1d0000 - 0x00007ffc4f1f0000 	C:\WINDOWS\System32\win32u.dll
0x00007ffc50a70000 - 0x00007ffc50a98000 	C:\WINDOWS\System32\GDI32.dll
0x00007ffc4f900000 - 0x00007ffc4fa92000 	C:\WINDOWS\System32\gdi32full.dll
0x00007ffc4ebc0000 - 0x00007ffc4ec5f000 	C:\WINDOWS\System32\msvcp_win.dll
0x00007ffc4ea40000 - 0x00007ffc4eb38000 	C:\WINDOWS\System32\ucrtbase.dll
0x00007ffc3ba40000 - 0x00007ffc3bca9000 	C:\WINDOWS\WinSxS\amd64_microsoft.windows.common-controls_6595b64144ccf1df_6.0.17134.765_none_fb42a1a930655896\COMCTL32.dll
0x00007ffc4faa0000 - 0x00007ffc4fdc2000 	C:\WINDOWS\System32\combase.dll
0x00007ffc4eb40000 - 0x00007ffc4ebba000 	C:\WINDOWS\System32\bcryptPrimitives.dll
0x00007ffc50400000 - 0x00007ffc5042d000 	C:\WINDOWS\System32\IMM32.DLL
0x0000000073680000 - 0x0000000073752000 	C:\Program Files\Android\Android Studio\jre\jre\bin\msvcr100.dll
0x0000000073860000 - 0x00000000740a1000 	C:\Program Files\Android\Android Studio\jre\jre\bin\server\jvm.dll
0x00007ffc503f0000 - 0x00007ffc503f8000 	C:\WINDOWS\System32\PSAPI.DLL
0x00007ffc4af60000 - 0x00007ffc4af83000 	C:\WINDOWS\SYSTEM32\WINMM.dll
0x00007ffc3dae0000 - 0x00007ffc3daea000 	C:\WINDOWS\SYSTEM32\VERSION.dll
0x00007ffc4af30000 - 0x00007ffc4af5a000 	C:\WINDOWS\SYSTEM32\WINMMBASE.dll
0x00007ffc4d580000 - 0x00007ffc4d589000 	C:\WINDOWS\SYSTEM32\WSOCK32.dll
0x00007ffc4ee50000 - 0x00007ffc4ee99000 	C:\WINDOWS\System32\cfgmgr32.dll
0x00007ffc50aa0000 - 0x00007ffc50b0c000 	C:\WINDOWS\System32\ws2_32.DLL
0x00007ffc49ce0000 - 0x00007ffc49cef000 	C:\Program Files\Android\Android Studio\jre\jre\bin\verify.dll
0x00007ffc45410000 - 0x00007ffc45439000 	C:\Program Files\Android\Android Studio\jre\jre\bin\java.dll
0x00007ffc45490000 - 0x00007ffc454a6000 	C:\Program Files\Android\Android Studio\jre\jre\bin\zip.dll
0x00007ffc50d30000 - 0x00007ffc52170000 	C:\WINDOWS\System32\SHELL32.dll
0x00007ffc52170000 - 0x00007ffc52219000 	C:\WINDOWS\System32\shcore.dll
0x00007ffc4f1f0000 - 0x00007ffc4f8fd000 	C:\WINDOWS\System32\windows.storage.dll
0x00007ffc52220000 - 0x00007ffc52271000 	C:\WINDOWS\System32\shlwapi.dll
0x00007ffc4e9c0000 - 0x00007ffc4e9d1000 	C:\WINDOWS\System32\kernel.appcore.dll
0x00007ffc4e9a0000 - 0x00007ffc4e9bf000 	C:\WINDOWS\System32\profapi.dll
0x00007ffc4e950000 - 0x00007ffc4e99c000 	C:\WINDOWS\System32\powrprof.dll
0x00007ffc4e940000 - 0x00007ffc4e94a000 	C:\WINDOWS\System32\FLTLIB.DLL
0x00007ffc42950000 - 0x00007ffc4296a000 	C:\Program Files\Android\Android Studio\jre\jre\bin\net.dll
0x00007ffc4e1a0000 - 0x00007ffc4e206000 	C:\WINDOWS\system32\mswsock.dll
0x00007ffc42680000 - 0x00007ffc42691000 	C:\Program Files\Android\Android Studio\jre\jre\bin\nio.dll
0x00007ffc35bf0000 - 0x00007ffc35c0e000 	C:\Users\Bazibuhe Bashige\.gradle\native\25\windows-amd64\native-platform.dll
0x00007ffc470f0000 - 0x00007ffc470fd000 	C:\Program Files\Android\Android Studio\jre\jre\bin\management.dll
0x00007ffc4e350000 - 0x00007ffc4e367000 	C:\WINDOWS\SYSTEM32\CRYPTSP.dll
0x00007ffc4dd80000 - 0x00007ffc4ddb3000 	C:\WINDOWS\system32\rsaenh.dll
0x00007ffc4e480000 - 0x00007ffc4e4a5000 	C:\WINDOWS\SYSTEM32\bcrypt.dll
0x00007ffc4e820000 - 0x00007ffc4e848000 	C:\WINDOWS\SYSTEM32\USERENV.dll
0x00007ffc4e370000 - 0x00007ffc4e37b000 	C:\WINDOWS\SYSTEM32\CRYPTBASE.dll
0x00007ffc4df20000 - 0x00007ffc4df58000 	C:\WINDOWS\SYSTEM32\IPHLPAPI.DLL
0x00007ffc50d20000 - 0x00007ffc50d28000 	C:\WINDOWS\System32\NSI.dll
0x00007ffc43f00000 - 0x00007ffc43f16000 	C:\WINDOWS\SYSTEM32\dhcpcsvc6.DLL
0x00007ffc44990000 - 0x00007ffc449aa000 	C:\WINDOWS\SYSTEM32\dhcpcsvc.DLL
0x00007ffc32aa0000 - 0x00007ffc32c38000 	C:\Program Files\Android\Android Studio\jre\jre\bin\awt.dll
0x00007ffc507e0000 - 0x00007ffc508a2000 	C:\WINDOWS\System32\OLEAUT32.dll
0x00007ffc4bbc0000 - 0x00007ffc4c187000 	C:\WINDOWS\SYSTEM32\d2d1.dll
0x00007ffc4c9e0000 - 0x00007ffc4ca6b000 	C:\WINDOWS\SYSTEM32\apphelp.dll
0x00007ffc4cd20000 - 0x00007ffc4cd49000 	C:\WINDOWS\system32\DWMAPI.DLL
0x00007ffc4cad0000 - 0x00007ffc4cb68000 	C:\WINDOWS\system32\uxtheme.dll
0x00007ffc49770000 - 0x00007ffc4978e000 	C:\Users\Bazibuhe Bashige\AppData\Local\Temp\native-platform8288528371657829169dir\native-platform.dll
0x00007ffc4da10000 - 0x00007ffc4da41000 	C:\WINDOWS\SYSTEM32\ntmarta.dll

VM Arguments:
jvm_args: -Xmx1536m -Dfile.encoding=windows-1252 -Duser.country=US -Duser.language=en -Duser.variant 
java_command: org.gradle.launcher.daemon.bootstrap.GradleDaemon 5.1.1
java_class_path (initial): C:\Users\Bazibuhe Bashige\.gradle\wrapper\dists\gradle-5.1.1-all\97z1ksx6lirer3kbvdnh7jtjg\gradle-5.1.1\lib\gradle-launcher-5.1.1.jar
Launcher Type: SUN_STANDARD

Environment Variables:
PATH=C:\Program Files\ImageMagick-7.0.8-Q16;C:\Program Files (x86)\Intel\iCLS Client\;C:\Program Files\Intel\iCLS Client\;C:\WINDOWS\system32;C:\WINDOWS;C:\WINDOWS\System32\Wbem;C:\WINDOWS\System32\WindowsPowerShell\v1.0\;C:\Program Files (x86)\Intel\Intel(R) Management Engine Components\DAL;C:\Program Files\Intel\Intel(R) Management Engine Components\DAL;C:\Program Files (x86)\Intel\Intel(R) Management Engine Components\IPT;C:\Program Files\Intel\Intel(R) Management Engine Components\IPT;C:\Program Files\Intel\WiFi\bin\;C:\Program Files\Common Files\Intel\WirelessCommon\;C:\WINDOWS\System32\OpenSSH\;C:\Program Files (x86)\GtkSharp\2.12\bin;C:\Program Files (x86)\Microsoft SQL Server\100\Tools\Binn\;C:\Program Files\Microsoft SQL Server\100\Tools\Binn\;C:\Program Files\Microsoft SQL Server\100\DTS\Binn\;C:\WINDOWS\system32\config\systemprofile\.dnx\bin;C:\Program Files\Microsoft DNX\Dnvm\;C:\Program Files\Microsoft SQL Server\130\Tools\Binn\;C:\Program Files\Git\cmd;C:\Program Files\MySQL\MySQL Shell 8.0\bin\
USERNAME=Bazibuhe Bashige
OS=Windows_NT
PROCESSOR_IDENTIFIER=Intel64 Family 6 Model 78 Stepping 3, GenuineIntel



---------------  S Y S T E M  ---------------

OS: Windows 10.0 , 64 bit Build 17134 (10.0.17134.753)

CPU:total 4 (initial active 4) (2 cores per cpu, 2 threads per core) family 6 model 78 stepping 3, cmov, cx8, fxsr, mmx, sse, sse2, sse3, ssse3, sse4.1, sse4.2, popcnt, avx, avx2, aes, clmul, erms, 3dnowpref, lzcnt, ht, tsc, tscinvbit, bmi1, bmi2, adx

Memory: 4k page, physical 8251180k(107076k free), swap 11323180k(5900k free)

vm_info: OpenJDK 64-Bit Server VM (25.152-b01) for windows-amd64 JRE (1.8.0_152-release-1343-b01), built by "builder" with MS VC++ 10.0 (VS2010)

time: Mon Jun 10 20:42:30 2019
elapsed time: 730 seconds (0d 0h 12m 10s)

