#
# There is insufficient memory for the Java Runtime Environment to continue.
# Native memory allocation (malloc) failed to allocate 587536 bytes for Chunk::new
# Possible reasons:
#   The system is out of physical RAM or swap space
#   In 32 bit mode, the process size limit was hit
# Possible solutions:
#   Reduce memory load on the system
#   Increase physical memory or swap space
#   Check if swap backing store is full
#   Use 64 bit Java on a 64 bit OS
#   Decrease Java heap size (-Xmx/-Xms)
#   Decrease number of Java threads
#   Decrease Java thread stack sizes (-Xss)
#   Set larger code cache with -XX:ReservedCodeCacheSize=
# This output file may be truncated or incomplete.
#
#  Out of Memory Error (allocation.cpp:390), pid=2808, tid=0x0000000000000f38
#
# JRE version: OpenJDK Runtime Environment (8.0_152-b01) (build 1.8.0_152-release-1343-b01)
# Java VM: OpenJDK 64-Bit Server VM (25.152-b01 mixed mode windows-amd64 compressed oops)
# Failed to write core dump. Minidumps are not enabled by default on client versions of Windows
#

---------------  T H R E A D  ---------------

Current thread (0x0000000016133000):  JavaThread "C2 CompilerThread1" daemon [_thread_in_native, id=3896, stack(0x0000000017880000,0x0000000017980000)]

Stack: [0x0000000017880000,0x0000000017980000]
[error occurred during error reporting (printing stack bounds), id 0xc0000005]

Native frames: (J=compiled Java code, j=interpreted, Vv=VM code, C=native code)


Current CompileTask:
C2:  17455 3548   !   4       sun.misc.URLClassPath$JarLoader::getResource (353 bytes)


---------------  P R O C E S S  ---------------

Java Threads: ( => current thread )
  0x000000001bd4d800 JavaThread "Cache worker for Build Output Cleanup Cache (C:\Users\Bazibuhe Bashige\Desktop\andro\diary app\.gradle\buildOutputCleanup)" [_thread_blocked, id=16012, stack(0x0000000020f20000,0x0000000021020000)]
  0x000000001bd4f000 JavaThread "Build operations Thread 4" [_thread_blocked, id=7224, stack(0x0000000020a20000,0x0000000020b20000)]
  0x000000001bd51000 JavaThread "Build operations Thread 3" [_thread_blocked, id=14200, stack(0x0000000020920000,0x0000000020a20000)]
  0x000000001bd50800 JavaThread "Build operations Thread 2" [_thread_blocked, id=14988, stack(0x0000000020820000,0x0000000020920000)]
  0x000000001bd52000 JavaThread "Build operations" [_thread_blocked, id=15644, stack(0x0000000020720000,0x0000000020820000)]
  0x000000001bd52800 JavaThread "Cache worker for execution history cache (C:\Users\Bazibuhe Bashige\.gradle\caches\5.1.1\executionHistory)" [_thread_blocked, id=3440, stack(0x0000000020420000,0x0000000020520000)]
  0x0000000018482000 JavaThread "Cache worker for cache directory md-rule (C:\Users\Bazibuhe Bashige\.gradle\caches\5.1.1\md-rule)" [_thread_blocked, id=12172, stack(0x000000001eb30000,0x000000001ec30000)]
  0x0000000018486800 JavaThread "Cache worker for cache directory md-supplier (C:\Users\Bazibuhe Bashige\.gradle\caches\5.1.1\md-supplier)" [_thread_blocked, id=12396, stack(0x000000001e390000,0x000000001e490000)]
  0x0000000018484800 JavaThread "Cache worker for file hash cache (C:\Users\Bazibuhe Bashige\Desktop\andro\diary app\.gradle\5.1.1\fileHashes)" [_thread_blocked, id=1080, stack(0x000000001d0c0000,0x000000001d1c0000)]
  0x0000000018483800 JavaThread "Cache worker for journal cache (C:\Users\Bazibuhe Bashige\.gradle\caches\journal-1)" [_thread_blocked, id=9000, stack(0x000000001abd0000,0x000000001acd0000)]
  0x0000000018483000 JavaThread "File lock request listener" [_thread_in_native, id=14976, stack(0x000000001aad0000,0x000000001abd0000)]
  0x000000001849a000 JavaThread "Cache worker for file hash cache (C:\Users\Bazibuhe Bashige\.gradle\caches\5.1.1\fileHashes)" [_thread_blocked, id=13688, stack(0x000000001a9d0000,0x000000001aad0000)]
  0x00000000190d9000 JavaThread "Thread-8" [_thread_blocked, id=9192, stack(0x000000001a8d0000,0x000000001a9d0000)]
  0x000000001911c000 JavaThread "Stdin handler" [_thread_blocked, id=5952, stack(0x000000001a7d0000,0x000000001a8d0000)]
  0x000000001911a000 JavaThread "Asynchronous log dispatcher for DefaultDaemonConnection: socket connection from /127.0.0.1:55227 to /127.0.0.1:55228" [_thread_blocked, id=13420, stack(0x000000001a6d0000,0x000000001a7d0000)]
  0x0000000019118000 JavaThread "Daemon worker" [_thread_in_native, id=11608, stack(0x000000001a5d0000,0x000000001a6d0000)]
  0x0000000018152000 JavaThread "Cancel handler" [_thread_blocked, id=12080, stack(0x000000001a4d0000,0x000000001a5d0000)]
  0x0000000018404000 JavaThread "Handler for socket connection from /127.0.0.1:55227 to /127.0.0.1:55228" [_thread_in_native, id=7504, stack(0x000000001a1d0000,0x000000001a2d0000)]
  0x00000000183ff800 JavaThread "Daemon" [_thread_blocked, id=16272, stack(0x000000001a0d0000,0x000000001a1d0000)]
  0x00000000183f7000 JavaThread "Daemon periodic checks" [_thread_blocked, id=9228, stack(0x0000000019fd0000,0x000000001a0d0000)]
  0x0000000018612800 JavaThread "Incoming local TCP Connector on port 55227" [_thread_in_native, id=9576, stack(0x0000000019d90000,0x0000000019e90000)]
  0x0000000017aaa800 JavaThread "Service Thread" daemon [_thread_blocked, id=15316, stack(0x0000000017e80000,0x0000000017f80000)]
  0x000000001613b000 JavaThread "C1 CompilerThread2" daemon [_thread_blocked, id=8572, stack(0x0000000017980000,0x0000000017a80000)]
=>0x0000000016133000 JavaThread "C2 CompilerThread1" daemon [_thread_in_native, id=3896, stack(0x0000000017880000,0x0000000017980000)]
  0x0000000016131000 JavaThread "C2 CompilerThread0" daemon [_thread_in_native, id=7704, stack(0x0000000017780000,0x0000000017880000)]
  0x000000001612c800 JavaThread "Attach Listener" daemon [_thread_blocked, id=6716, stack(0x0000000017680000,0x0000000017780000)]
  0x000000001612b000 JavaThread "Signal Dispatcher" daemon [_thread_blocked, id=1416, stack(0x0000000017580000,0x0000000017680000)]
  0x00000000027bb800 JavaThread "Finalizer" daemon [_thread_blocked, id=7936, stack(0x0000000017390000,0x0000000017490000)]
  0x00000000027b1000 JavaThread "Reference Handler" daemon [_thread_blocked, id=6640, stack(0x0000000017290000,0x0000000017390000)]
  0x00000000026c2800 JavaThread "main" [_thread_blocked, id=14404, stack(0x0000000002590000,0x0000000002690000)]

Other Threads:
  0x00000000160f7000 VMThread [stack: 0x0000000017190000,0x0000000017290000] [id=9360]
  0x0000000017aab000 WatcherThread [stack: 0x0000000017f80000,0x0000000018080000] [id=8032]

VM state:not at safepoint (normal execution)

VM Mutex/Monitor currently owned by a thread: None

Heap:
 PSYoungGen      total 138752K, used 62265K [0x00000000e0000000, 0x00000000ea800000, 0x0000000100000000)
  eden space 126976K, 49% used [0x00000000e0000000,0x00000000e3cce6c8,0x00000000e7c00000)
  from space 11776K, 0% used [0x00000000e9c80000,0x00000000e9c80000,0x00000000ea800000)
  to   space 9728K, 0% used [0x00000000e7c00000,0x00000000e7c00000,0x00000000e8580000)
 ParOldGen       total 97792K, used 15746K [0x00000000a0000000, 0x00000000a5f80000, 0x00000000e0000000)
  object space 97792K, 16% used [0x00000000a0000000,0x00000000a0f60b58,0x00000000a5f80000)
 Metaspace       used 41838K, capacity 42704K, committed 42880K, reserved 1085440K
  class space    used 5679K, capacity 5918K, committed 6016K, reserved 1048576K

Card table byte_map: [0x0000000011b80000,0x0000000011e90000] byte_map_base: 0x0000000011680000

Marking Bits: (ParMarkBitMap*) 0x00000000575b5aa0
 Begin Bits: [0x0000000012490000, 0x0000000013c90000)
 End Bits:   [0x0000000013c90000, 0x0000000015490000)

Polling page: 0x0000000000820000

CodeCache: size=245760Kb used=11895Kb max_used=11895Kb free=233864Kb
 bounds [0x00000000027c0000, 0x0000000003370000, 0x00000000117c0000]
 total_blobs=4118 nmethods=3383 adapters=648
 compilation: enabled

Compilation events (10 events):
Event: 17.399 Thread 0x000000001613b000 3578       3       java.util.regex.Pattern::compile (10 bytes)
Event: 17.399 Thread 0x000000001613b000 nmethod 3578 0x0000000003362810 code [0x0000000003362980, 0x0000000003362b68]
Event: 17.407 Thread 0x000000001613b000 3579       3       org.apache.commons.collections.map.AbstractReferenceMap::purge (29 bytes)
Event: 17.408 Thread 0x000000001613b000 nmethod 3579 0x0000000003362c10 code [0x0000000003362dc0, 0x0000000003363668]
Event: 17.413 Thread 0x000000001613b000 3580  s    3       java.util.jar.JarFile::getInputStream (89 bytes)
Event: 17.413 Thread 0x000000001613b000 nmethod 3580 0x0000000003363950 code [0x0000000003363b60, 0x00000000033646d8]
Event: 17.426 Thread 0x000000001613b000 3581       3       java.util.Collections$EmptyMap::values (4 bytes)
Event: 17.426 Thread 0x000000001613b000 nmethod 3581 0x00000000033649d0 code [0x0000000003364b40, 0x0000000003364cf0]
Event: 17.426 Thread 0x000000001613b000 3582       3       java.util.Collections$EmptySet::toArray (11 bytes)
Event: 17.427 Thread 0x000000001613b000 nmethod 3582 0x0000000003364d90 code [0x0000000003364f00, 0x00000000033651f0]

GC Heap History (10 events):
Event: 9.190 GC heap before
{Heap before GC invocations=6 (full 1):
 PSYoungGen      total 69632K, used 5088K [0x00000000e0000000, 0x00000000e9100000, 0x0000000100000000)
  eden space 64512K, 0% used [0x00000000e0000000,0x00000000e0000000,0x00000000e3f00000)
  from space 5120K, 99% used [0x00000000e3f00000,0x00000000e43f8168,0x00000000e4400000)
  to   space 9728K, 0% used [0x00000000e8780000,0x00000000e8780000,0x00000000e9100000)
 ParOldGen       total 86016K, used 10523K [0x00000000a0000000, 0x00000000a5400000, 0x00000000e0000000)
  object space 86016K, 12% used [0x00000000a0000000,0x00000000a0a46fd0,0x00000000a5400000)
 Metaspace       used 20641K, capacity 21106K, committed 21296K, reserved 1067008K
  class space    used 2900K, capacity 3087K, committed 3200K, reserved 1048576K
Event: 9.285 GC heap after
Heap after GC invocations=6 (full 1):
 PSYoungGen      total 69632K, used 0K [0x00000000e0000000, 0x00000000e9100000, 0x0000000100000000)
  eden space 64512K, 0% used [0x00000000e0000000,0x00000000e0000000,0x00000000e3f00000)
  from space 5120K, 0% used [0x00000000e3f00000,0x00000000e3f00000,0x00000000e4400000)
  to   space 9728K, 0% used [0x00000000e8780000,0x00000000e8780000,0x00000000e9100000)
 ParOldGen       total 67072K, used 13595K [0x00000000a0000000, 0x00000000a4180000, 0x00000000e0000000)
  object space 67072K, 20% used [0x00000000a0000000,0x00000000a0d46c78,0x00000000a4180000)
 Metaspace       used 20641K, capacity 21106K, committed 21296K, reserved 1067008K
  class space    used 2900K, capacity 3087K, committed 3200K, reserved 1048576K
}
Event: 11.301 GC heap before
{Heap before GC invocations=7 (full 1):
 PSYoungGen      total 69632K, used 64512K [0x00000000e0000000, 0x00000000e9100000, 0x0000000100000000)
  eden space 64512K, 100% used [0x00000000e0000000,0x00000000e3f00000,0x00000000e3f00000)
  from space 5120K, 0% used [0x00000000e3f00000,0x00000000e3f00000,0x00000000e4400000)
  to   space 9728K, 0% used [0x00000000e8780000,0x00000000e8780000,0x00000000e9100000)
 ParOldGen       total 67072K, used 13595K [0x00000000a0000000, 0x00000000a4180000, 0x00000000e0000000)
  object space 67072K, 20% used [0x00000000a0000000,0x00000000a0d46c78,0x00000000a4180000)
 Metaspace       used 28584K, capacity 29098K, committed 29440K, reserved 1075200K
  class space    used 3846K, capacity 4034K, committed 4096K, reserved 1048576K
Event: 11.318 GC heap after
Heap after GC invocations=7 (full 1):
 PSYoungGen      total 106496K, used 7654K [0x00000000e0000000, 0x00000000e8f00000, 0x0000000100000000)
  eden space 98816K, 0% used [0x00000000e0000000,0x00000000e0000000,0x00000000e6080000)
  from space 7680K, 99% used [0x00000000e8780000,0x00000000e8ef99c0,0x00000000e8f00000)
  to   space 9728K, 0% used [0x00000000e7c00000,0x00000000e7c00000,0x00000000e8580000)
 ParOldGen       total 67072K, used 13603K [0x00000000a0000000, 0x00000000a4180000, 0x00000000e0000000)
  object space 67072K, 20% used [0x00000000a0000000,0x00000000a0d48c78,0x00000000a4180000)
 Metaspace       used 28584K, capacity 29098K, committed 29440K, reserved 1075200K
  class space    used 3846K, capacity 4034K, committed 4096K, reserved 1048576K
}
Event: 14.363 GC heap before
{Heap before GC invocations=8 (full 1):
 PSYoungGen      total 106496K, used 106470K [0x00000000e0000000, 0x00000000e8f00000, 0x0000000100000000)
  eden space 98816K, 100% used [0x00000000e0000000,0x00000000e6080000,0x00000000e6080000)
  from space 7680K, 99% used [0x00000000e8780000,0x00000000e8ef99c0,0x00000000e8f00000)
  to   space 9728K, 0% used [0x00000000e7c00000,0x00000000e7c00000,0x00000000e8580000)
 ParOldGen       total 67072K, used 13603K [0x00000000a0000000, 0x00000000a4180000, 0x00000000e0000000)
  object space 67072K, 20% used [0x00000000a0000000,0x00000000a0d48c78,0x00000000a4180000)
 Metaspace       used 33476K, capacity 34134K, committed 34304K, reserved 1079296K
  class space    used 4595K, capacity 4801K, committed 4864K, reserved 1048576K
Event: 14.385 GC heap after
Heap after GC invocations=8 (full 1):
 PSYoungGen      total 136704K, used 9706K [0x00000000e0000000, 0x00000000ea800000, 0x0000000100000000)
  eden space 126976K, 0% used [0x00000000e0000000,0x00000000e0000000,0x00000000e7c00000)
  from space 9728K, 99% used [0x00000000e7c00000,0x00000000e857a920,0x00000000e8580000)
  to   space 11776K, 0% used [0x00000000e9c80000,0x00000000e9c80000,0x00000000ea800000)
 ParOldGen       total 67072K, used 15142K [0x00000000a0000000, 0x00000000a4180000, 0x00000000e0000000)
  object space 67072K, 22% used [0x00000000a0000000,0x00000000a0ec9a50,0x00000000a4180000)
 Metaspace       used 33476K, capacity 34134K, committed 34304K, reserved 1079296K
  class space    used 4595K, capacity 4801K, committed 4864K, reserved 1048576K
}
Event: 15.046 GC heap before
{Heap before GC invocations=9 (full 1):
 PSYoungGen      total 136704K, used 31017K [0x00000000e0000000, 0x00000000ea800000, 0x0000000100000000)
  eden space 126976K, 16% used [0x00000000e0000000,0x00000000e14cfc98,0x00000000e7c00000)
  from space 9728K, 99% used [0x00000000e7c00000,0x00000000e857a920,0x00000000e8580000)
  to   space 11776K, 0% used [0x00000000e9c80000,0x00000000e9c80000,0x00000000ea800000)
 ParOldGen       total 67072K, used 15142K [0x00000000a0000000, 0x00000000a4180000, 0x00000000e0000000)
  object space 67072K, 22% used [0x00000000a0000000,0x00000000a0ec9a50,0x00000000a4180000)
 Metaspace       used 34649K, capacity 35394K, committed 35456K, reserved 1079296K
  class space    used 4768K, capacity 4984K, committed 4992K, reserved 1048576K
Event: 15.067 GC heap after
Heap after GC invocations=9 (full 1):
 PSYoungGen      total 138752K, used 8791K [0x00000000e0000000, 0x00000000ea800000, 0x0000000100000000)
  eden space 126976K, 0% used [0x00000000e0000000,0x00000000e0000000,0x00000000e7c00000)
  from space 11776K, 74% used [0x00000000e9c80000,0x00000000ea515e28,0x00000000ea800000)
  to   space 9728K, 0% used [0x00000000e7c00000,0x00000000e7c00000,0x00000000e8580000)
 ParOldGen       total 67072K, used 15142K [0x00000000a0000000, 0x00000000a4180000, 0x00000000e0000000)
  object space 67072K, 22% used [0x00000000a0000000,0x00000000a0ec9a50,0x00000000a4180000)
 Metaspace       used 34649K, capacity 35394K, committed 35456K, reserved 1079296K
  class space    used 4768K, capacity 4984K, committed 4992K, reserved 1048576K
}
Event: 15.067 GC heap before
{Heap before GC invocations=10 (full 2):
 PSYoungGen      total 138752K, used 8791K [0x00000000e0000000, 0x00000000ea800000, 0x0000000100000000)
  eden space 126976K, 0% used [0x00000000e0000000,0x00000000e0000000,0x00000000e7c00000)
  from space 11776K, 74% used [0x00000000e9c80000,0x00000000ea515e28,0x00000000ea800000)
  to   space 9728K, 0% used [0x00000000e7c00000,0x00000000e7c00000,0x00000000e8580000)
 ParOldGen       total 67072K, used 15142K [0x00000000a0000000, 0x00000000a4180000, 0x00000000e0000000)
  object space 67072K, 22% used [0x00000000a0000000,0x00000000a0ec9a50,0x00000000a4180000)
 Metaspace       used 34649K, capacity 35394K, committed 35456K, reserved 1079296K
  class space    used 4768K, capacity 4984K, committed 4992K, reserved 1048576K
Event: 15.292 GC heap after
Heap after GC invocations=10 (full 2):
 PSYoungGen      total 138752K, used 0K [0x00000000e0000000, 0x00000000ea800000, 0x0000000100000000)
  eden space 126976K, 0% used [0x00000000e0000000,0x00000000e0000000,0x00000000e7c00000)
  from space 11776K, 0% used [0x00000000e9c80000,0x00000000e9c80000,0x00000000ea800000)
  to   space 9728K, 0% used [0x00000000e7c00000,0x00000000e7c00000,0x00000000e8580000)
 ParOldGen       total 97792K, used 15746K [0x00000000a0000000, 0x00000000a5f80000, 0x00000000e0000000)
  object space 97792K, 16% used [0x00000000a0000000,0x00000000a0f60b58,0x00000000a5f80000)
 Metaspace       used 34649K, capacity 35394K, committed 35456K, reserved 1079296K
  class space    used 4768K, capacity 4984K, committed 4992K, reserved 1048576K
}

Deoptimization events (10 events):
Event: 16.756 Thread 0x0000000019118000 Uncommon trap: reason=unstable_if action=reinterpret pc=0x00000000031a74a0 method=java.lang.ThreadLocal.get()Ljava/lang/Object; @ 11
Event: 16.796 Thread 0x0000000019118000 Uncommon trap: reason=unstable_if action=reinterpret pc=0x00000000030495f8 method=java.util.HashMap.putVal(ILjava/lang/Object;Ljava/lang/Object;ZZ)Ljava/lang/Object; @ 236
Event: 16.879 Thread 0x0000000019118000 Uncommon trap: reason=unstable_if action=reinterpret pc=0x0000000002c9fbfc method=java.lang.CharacterDataLatin1.isWhitespace(I)Z @ 14
Event: 17.089 Thread 0x0000000019118000 Uncommon trap: reason=unstable_if action=reinterpret pc=0x000000000318696c method=java.util.jar.JarFile.getInputStream(Ljava/util/zip/ZipEntry;)Ljava/io/InputStream; @ 37
Event: 17.094 Thread 0x0000000019118000 Uncommon trap: reason=unstable_if action=reinterpret pc=0x0000000003242300 method=java.util.jar.JarFile$JarFileEntry.getCodeSigners()[Ljava/security/CodeSigner; @ 24
Event: 17.095 Thread 0x0000000019118000 Uncommon trap: reason=unstable_if action=reinterpret pc=0x0000000002dab5ac method=java.security.CodeSource.getCertificates()[Ljava/security/cert/Certificate; @ 22
Event: 17.097 Thread 0x0000000019118000 Uncommon trap: reason=unstable_if action=reinterpret pc=0x00000000032041fc method=java.security.CodeSource.matchCerts(Ljava/security/CodeSource;Z)Z @ 11
Event: 17.143 Thread 0x0000000019118000 Uncommon trap: reason=unstable_if action=reinterpret pc=0x00000000032207c0 method=java.util.LinkedHashMap.get(Ljava/lang/Object;)Ljava/lang/Object; @ 20
Event: 17.265 Thread 0x0000000019118000 Uncommon trap: reason=unstable_if action=reinterpret pc=0x0000000003045d70 method=org.objectweb.asm.ByteVector.putUTF8(Ljava/lang/String;)Lorg/objectweb/asm/ByteVector; @ 93
Event: 17.269 Thread 0x0000000019118000 Uncommon trap: reason=range_check action=make_not_entrant pc=0x00000000032e7530 method=java.lang.String.charAt(I)C @ 27

Classes redefined (0 events):
No events

Internal exceptions (10 events):
Event: 14.837 Thread 0x0000000019118000 Exception <a 'java/lang/ClassNotFoundException': org/gradle/api/internal/ConventionTaskCustomizer> (0x00000000e0a69678) thrown at [D:\src\AOSP-openjdk-cygwin\jdk8u\hotspot\src\share\vm\classfile\systemDictionary.cpp, line 210]
Event: 14.838 Thread 0x0000000019118000 Exception <a 'java/lang/ClassNotFoundException': org/gradle/api/tasks/DeleteCustomizer> (0x00000000e0aa63b0) thrown at [D:\src\AOSP-openjdk-cygwin\jdk8u\hotspot\src\share\vm\classfile\systemDictionary.cpp, line 210]
Event: 14.843 Thread 0x0000000019118000 Exception <a 'java/lang/ClassNotFoundException': org/gradle/api/tasks/Delete_DecoratedCustomizer> (0x00000000e0af0500) thrown at [D:\src\AOSP-openjdk-cygwin\jdk8u\hotspot\src\share\vm\classfile\systemDictionary.cpp, line 210]
Event: 14.876 Thread 0x0000000019118000 Exception <a 'java/lang/ClassNotFoundException': build_b2skeqb47ss1apwdukin0rhqvBeanInfo> (0x00000000e0beb468) thrown at [D:\src\AOSP-openjdk-cygwin\jdk8u\hotspot\src\share\vm\classfile\systemDictionary.cpp, line 210]
Event: 14.877 Thread 0x0000000019118000 Exception <a 'java/lang/ClassNotFoundException': build_b2skeqb47ss1apwdukin0rhqvCustomizer> (0x00000000e0bf67e0) thrown at [D:\src\AOSP-openjdk-cygwin\jdk8u\hotspot\src\share\vm\classfile\systemDictionary.cpp, line 210]
Event: 14.885 Thread 0x0000000019118000 Exception <a 'java/lang/ClassNotFoundException': org/gradle/api/internal/plugins/DefaultObjectConfigurationActionBeanInfo> (0x00000000e0c68430) thrown at [D:\src\AOSP-openjdk-cygwin\jdk8u\hotspot\src\share\vm\classfile\systemDictionary.cpp, line 210]
Event: 14.887 Thread 0x0000000019118000 Exception <a 'java/lang/ClassNotFoundException': org/gradle/api/internal/plugins/DefaultObjectConfigurationActionCustomizer> (0x00000000e0ca7838) thrown at [D:\src\AOSP-openjdk-cygwin\jdk8u\hotspot\src\share\vm\classfile\systemDictionary.cpp, line 210]
Event: 15.570 Thread 0x0000000019118000 Implicit null exception at 0x0000000003137e95 to 0x000000000313817d
Event: 16.247 Thread 0x0000000019118000 Exception <a 'sun/nio/fs/WindowsException'> (0x00000000e1911f80) thrown at [D:\src\AOSP-openjdk-cygwin\jdk8u\hotspot\src\share\vm\prims\jni.cpp, line 709]
Event: 16.756 Thread 0x0000000019118000 Implicit null exception at 0x00000000031a6f68 to 0x00000000031a7489

Events (10 events):
Event: 17.431 loading class com/android/build/gradle/internal/dsl/AbiSplitOptions
Event: 17.431 loading class com/android/build/gradle/internal/dsl/AbiSplitOptions done
Event: 17.439 loading class com/android/resources/Density
Event: 17.439 loading class com/android/resources/Density done
Event: 17.442 loading class com/android/resources/ResourceEnum
Event: 17.442 loading class com/android/resources/ResourceEnum done
Event: 17.444 loading class com/android/resources/Density$1
Event: 17.444 loading class com/android/resources/Density$1 done
Event: 17.445 loading class java/util/RegularEnumSet$EnumSetIterator
Event: 17.445 loading class java/util/RegularEnumSet$EnumSetIterator done


Dynamic libraries:
0x00007ff6428e0000 - 0x00007ff642911000 	C:\Program Files\Android\Android Studio\jre\bin\java.exe
0x00007ff92eae0000 - 0x00007ff92ecc1000 	C:\WINDOWS\SYSTEM32\ntdll.dll
0x00007ff92e1e0000 - 0x00007ff92e291000 	C:\WINDOWS\System32\KERNEL32.DLL
0x00007ff92b9f0000 - 0x00007ff92bc63000 	C:\WINDOWS\System32\KERNELBASE.dll
0x00007ff92e460000 - 0x00007ff92e501000 	C:\WINDOWS\System32\ADVAPI32.dll
0x00007ff92cc90000 - 0x00007ff92cd2e000 	C:\WINDOWS\System32\msvcrt.dll
0x00007ff92e300000 - 0x00007ff92e35b000 	C:\WINDOWS\System32\sechost.dll
0x00007ff92e980000 - 0x00007ff92eaa4000 	C:\WINDOWS\System32\RPCRT4.dll
0x00007ff92bfd0000 - 0x00007ff92c160000 	C:\WINDOWS\System32\USER32.dll
0x00007ff92b740000 - 0x00007ff92b760000 	C:\WINDOWS\System32\win32u.dll
0x00007ff92bf70000 - 0x00007ff92bf98000 	C:\WINDOWS\System32\GDI32.dll
0x00007ff92bcd0000 - 0x00007ff92be62000 	C:\WINDOWS\System32\gdi32full.dll
0x00007ff92b950000 - 0x00007ff92b9ef000 	C:\WINDOWS\System32\msvcp_win.dll
0x00007ff92aeb0000 - 0x00007ff92afa8000 	C:\WINDOWS\System32\ucrtbase.dll
0x00007ff919410000 - 0x00007ff919679000 	C:\WINDOWS\WinSxS\amd64_microsoft.windows.common-controls_6595b64144ccf1df_6.0.17134.765_none_fb42a1a930655896\COMCTL32.dll
0x00007ff92c1c0000 - 0x00007ff92c4e2000 	C:\WINDOWS\System32\combase.dll
0x00007ff92b6c0000 - 0x00007ff92b73a000 	C:\WINDOWS\System32\bcryptPrimitives.dll
0x00007ff92bfa0000 - 0x00007ff92bfcd000 	C:\WINDOWS\System32\IMM32.DLL
0x0000000056cf0000 - 0x0000000056dc2000 	C:\Program Files\Android\Android Studio\jre\jre\bin\msvcr100.dll
0x0000000056df0000 - 0x0000000057631000 	C:\Program Files\Android\Android Studio\jre\jre\bin\server\jvm.dll
0x00007ff92caa0000 - 0x00007ff92caa8000 	C:\WINDOWS\System32\PSAPI.DLL
0x00007ff929a00000 - 0x00007ff929a09000 	C:\WINDOWS\SYSTEM32\WSOCK32.dll
0x00007ff92cd30000 - 0x00007ff92cd9c000 	C:\WINDOWS\System32\WS2_32.dll
0x00007ff91ef00000 - 0x00007ff91ef0a000 	C:\WINDOWS\SYSTEM32\VERSION.dll
0x00007ff927910000 - 0x00007ff927933000 	C:\WINDOWS\SYSTEM32\WINMM.dll
0x00007ff9278e0000 - 0x00007ff92790a000 	C:\WINDOWS\SYSTEM32\WINMMBASE.dll
0x00007ff92bf20000 - 0x00007ff92bf69000 	C:\WINDOWS\System32\cfgmgr32.dll
0x00007ff926ac0000 - 0x00007ff926acf000 	C:\Program Files\Android\Android Studio\jre\jre\bin\verify.dll
0x00007ff921ef0000 - 0x00007ff921f19000 	C:\Program Files\Android\Android Studio\jre\jre\bin\java.dll
0x00007ff921530000 - 0x00007ff921546000 	C:\Program Files\Android\Android Studio\jre\jre\bin\zip.dll
0x00007ff92cda0000 - 0x00007ff92e1e0000 	C:\WINDOWS\System32\SHELL32.dll
0x00007ff92c4f0000 - 0x00007ff92c599000 	C:\WINDOWS\System32\shcore.dll
0x00007ff92afb0000 - 0x00007ff92b6bd000 	C:\WINDOWS\System32\windows.storage.dll
0x00007ff92c160000 - 0x00007ff92c1b1000 	C:\WINDOWS\System32\shlwapi.dll
0x00007ff92ae90000 - 0x00007ff92aea1000 	C:\WINDOWS\System32\kernel.appcore.dll
0x00007ff92ae50000 - 0x00007ff92ae6f000 	C:\WINDOWS\System32\profapi.dll
0x00007ff92ae00000 - 0x00007ff92ae4c000 	C:\WINDOWS\System32\powrprof.dll
0x00007ff92adf0000 - 0x00007ff92adfa000 	C:\WINDOWS\System32\FLTLIB.DLL
0x00007ff921510000 - 0x00007ff92152a000 	C:\Program Files\Android\Android Studio\jre\jre\bin\net.dll
0x00007ff92a670000 - 0x00007ff92a6d6000 	C:\WINDOWS\system32\mswsock.dll
0x00007ff9214f0000 - 0x00007ff921501000 	C:\Program Files\Android\Android Studio\jre\jre\bin\nio.dll
0x00007ff921990000 - 0x00007ff9219ae000 	C:\Users\Bazibuhe Bashige\.gradle\native\25\windows-amd64\native-platform.dll
0x00007ff926a70000 - 0x00007ff926a7d000 	C:\Program Files\Android\Android Studio\jre\jre\bin\management.dll
0x00007ff92a820000 - 0x00007ff92a837000 	C:\WINDOWS\SYSTEM32\CRYPTSP.dll
0x00007ff92a250000 - 0x00007ff92a283000 	C:\WINDOWS\system32\rsaenh.dll
0x00007ff92a950000 - 0x00007ff92a975000 	C:\WINDOWS\SYSTEM32\bcrypt.dll
0x00007ff92acf0000 - 0x00007ff92ad18000 	C:\WINDOWS\SYSTEM32\USERENV.dll
0x00007ff92a840000 - 0x00007ff92a84b000 	C:\WINDOWS\SYSTEM32\CRYPTBASE.dll
0x00007ff92a3f0000 - 0x00007ff92a428000 	C:\WINDOWS\SYSTEM32\IPHLPAPI.DLL
0x00007ff92e450000 - 0x00007ff92e458000 	C:\WINDOWS\System32\NSI.dll
0x00007ff91ee90000 - 0x00007ff91eea6000 	C:\WINDOWS\SYSTEM32\dhcpcsvc6.DLL
0x00007ff920770000 - 0x00007ff92078a000 	C:\WINDOWS\SYSTEM32\dhcpcsvc.DLL

VM Arguments:
jvm_args: -Xmx1536m -Dfile.encoding=windows-1252 -Duser.country=US -Duser.language=en -Duser.variant 
java_command: org.gradle.launcher.daemon.bootstrap.GradleDaemon 5.1.1
java_class_path (initial): C:\Users\Bazibuhe Bashige\.gradle\wrapper\dists\gradle-5.1.1-all\97z1ksx6lirer3kbvdnh7jtjg\gradle-5.1.1\lib\gradle-launcher-5.1.1.jar
Launcher Type: SUN_STANDARD

Environment Variables:
PATH=C:\Program Files\ImageMagick-7.0.8-Q16;C:\Program Files (x86)\Intel\iCLS Client\;C:\Program Files\Intel\iCLS Client\;C:\WINDOWS\system32;C:\WINDOWS;C:\WINDOWS\System32\Wbem;C:\WINDOWS\System32\WindowsPowerShell\v1.0\;C:\Program Files (x86)\Intel\Intel(R) Management Engine Components\DAL;C:\Program Files\Intel\Intel(R) Management Engine Components\DAL;C:\Program Files (x86)\Intel\Intel(R) Management Engine Components\IPT;C:\Program Files\Intel\Intel(R) Management Engine Components\IPT;C:\Program Files\Intel\WiFi\bin\;C:\Program Files\Common Files\Intel\WirelessCommon\;C:\WINDOWS\System32\OpenSSH\;C:\Program Files (x86)\GtkSharp\2.12\bin;C:\Program Files (x86)\Microsoft SQL Server\100\Tools\Binn\;C:\Program Files\Microsoft SQL Server\100\Tools\Binn\;C:\Program Files\Microsoft SQL Server\100\DTS\Binn\;C:\Users\Bazibuhe Bashige\.dnx\bin;C:\Program Files\Microsoft DNX\Dnvm\;C:\Program Files\Microsoft SQL Server\130\Tools\Binn\;C:\Program Files\Git\cmd;C:\Program Files\MySQL\MySQL Shell 8.0\bin\
USERNAME=Bazibuhe Bashige
OS=Windows_NT
PROCESSOR_IDENTIFIER=Intel64 Family 6 Model 78 Stepping 3, GenuineIntel



---------------  S Y S T E M  ---------------

OS: Windows 10.0 , 64 bit Build 17134 (10.0.17134.753)

CPU:total 4 (initial active 4) (2 cores per cpu, 2 threads per core) family 6 model 78 stepping 3, cmov, cx8, fxsr, mmx, sse, sse2, sse3, ssse3, sse4.1, sse4.2, popcnt, avx, avx2, aes, clmul, erms, 3dnowpref, lzcnt, ht, tsc, tscinvbit, bmi1, bmi2, adx

Memory: 4k page, physical 8251180k(392984k free), swap 11323180k(6104k free)

vm_info: OpenJDK 64-Bit Server VM (25.152-b01) for windows-amd64 JRE (1.8.0_152-release-1343-b01), built by "builder" with MS VC++ 10.0 (VS2010)

time: Thu May 30 22:56:35 2019
elapsed time: 17 seconds (0d 0h 0m 17s)

